<?xml version="1.0" encoding="UTF-8"?>
<!-- Generated by org.testng.reporters.JUnitReportReporter -->
<testsuite hostname="T1LPRVT4910" failures="0" tests="3" name="Runner.Runner" time="3.676" errors="0" timestamp="2022-03-07T17:25:07 TRT" skipped="0">
  <testcase classname="Runner.Runner" name="runScenario" time="1.019"/>
  <system-out/>
  <testcase classname="Runner.Runner" name="runScenario" time="1.571"/>
  <system-out/>
  <testcase classname="Runner.Runner" name="runScenario" time="1.086"/>
  <system-out/>
</testsuite> <!-- Runner.Runner -->
