<?xml version="1.0" encoding="UTF-8"?>
<!-- Generated by org.testng.reporters.JUnitReportReporter -->
<testsuite skipped="0" hostname="T1LPRVT4910" name="Runner.Runner" tests="3" failures="0" timestamp="2022-03-17T10:49:35 EET" time="165.397" errors="0">
  <testcase name="runScenario" time="58.004" classname="Runner.Runner"/>
  <system-out/>
  <testcase name="runScenario" time="55.324" classname="Runner.Runner"/>
  <system-out/>
  <testcase name="runScenario" time="52.069" classname="Runner.Runner"/>
  <system-out/>
</testsuite> <!-- Runner.Runner -->
